[     323ms] [WARNING] Data from this session is not being collected by Microsoft Clarity due to your configured project settings @ https://www.clarity.ms/tag/q6913xit71:0
[  193615ms] [WARNING] Data from this session is not being collected by Microsoft Clarity due to your configured project settings @ https://www.clarity.ms/tag/q6913xit71:0
[  196054ms] [WARNING] Data from this session is not being collected by Microsoft Clarity due to your configured project settings @ https://www.clarity.ms/tag/q6913xit71:0
[  197643ms] [WARNING] Data from this session is not being collected by Microsoft Clarity due to your configured project settings @ https://www.clarity.ms/tag/q6913xit71:0
[  270616ms] [WARNING] Data from this session is not being collected by Microsoft Clarity due to your configured project settings @ https://www.clarity.ms/tag/q6913xit71:0
[  277904ms] [WARNING] Data from this session is not being collected by Microsoft Clarity due to your configured project settings @ https://www.clarity.ms/tag/q6913xit71:0
[  427178ms] [WARNING] Data from this session is not being collected by Microsoft Clarity due to your configured project settings @ https://www.clarity.ms/tag/q6913xit71:0
[  428621ms] [ERROR] Failed to load resource: the server responded with a status of 404 (Not Found) @ http://localhost:5501/blogs/seo:0
[  428639ms] [ERROR] Failed to load resource: the server responded with a status of 404 (Not Found) @ http://localhost:5501/favicon.ico:0
[  433905ms] [WARNING] Data from this session is not being collected by Microsoft Clarity due to your configured project settings @ https://www.clarity.ms/tag/q6913xit71:0
[  446394ms] [WARNING] Data from this session is not being collected by Microsoft Clarity due to your configured project settings @ https://www.clarity.ms/tag/q6913xit71:0
[  447535ms] [WARNING] Data from this session is not being collected by Microsoft Clarity due to your configured project settings @ https://www.clarity.ms/tag/q6913xit71:0
[  452443ms] [ERROR] Unable to preventDefault inside passive event listener due to target being treated as passive. See https://www.chromestatus.com/feature/6662647093133312 @ https://ajax.googleapis.com/ajax/libs/jquery/2.2.4/jquery.min.js:2
[  452466ms] [ERROR] Unable to preventDefault inside passive event listener due to target being treated as passive. See https://www.chromestatus.com/feature/6662647093133312 @ https://ajax.googleapis.com/ajax/libs/jquery/2.2.4/jquery.min.js:2
[  452482ms] [ERROR] Unable to preventDefault inside passive event listener due to target being treated as passive. See https://www.chromestatus.com/feature/6662647093133312 @ https://ajax.googleapis.com/ajax/libs/jquery/2.2.4/jquery.min.js:2
[  452499ms] [ERROR] Unable to preventDefault inside passive event listener due to target being treated as passive. See https://www.chromestatus.com/feature/6662647093133312 @ https://ajax.googleapis.com/ajax/libs/jquery/2.2.4/jquery.min.js:2
[  452636ms] [ERROR] Unable to preventDefault inside passive event listener due to target being treated as passive. See https://www.chromestatus.com/feature/6662647093133312 @ https://ajax.googleapis.com/ajax/libs/jquery/2.2.4/jquery.min.js:2
[  452636ms] [ERROR] Unable to preventDefault inside passive event listener due to target being treated as passive. See https://www.chromestatus.com/feature/6662647093133312 @ https://ajax.googleapis.com/ajax/libs/jquery/2.2.4/jquery.min.js:2
[  452636ms] [ERROR] Unable to preventDefault inside passive event listener due to target being treated as passive. See https://www.chromestatus.com/feature/6662647093133312 @ https://ajax.googleapis.com/ajax/libs/jquery/2.2.4/jquery.min.js:2
[  452637ms] [WARNING] Data from this session is not being collected by Microsoft Clarity due to your configured project settings @ https://www.clarity.ms/tag/q6913xit71:0
[  461735ms] [WARNING] Data from this session is not being collected by Microsoft Clarity due to your configured project settings @ https://www.clarity.ms/tag/q6913xit71:0
[  467935ms] [WARNING] Data from this session is not being collected by Microsoft Clarity due to your configured project settings @ https://www.clarity.ms/tag/q6913xit71:0
[  469454ms] [WARNING] Data from this session is not being collected by Microsoft Clarity due to your configured project settings @ https://www.clarity.ms/tag/q6913xit71:0
[  470844ms] [WARNING] Data from this session is not being collected by Microsoft Clarity due to your configured project settings @ https://www.clarity.ms/tag/q6913xit71:0
[  493004ms] [WARNING] Data from this session is not being collected by Microsoft Clarity due to your configured project settings @ https://www.clarity.ms/tag/q6913xit71:0
[  535047ms] [WARNING] Data from this session is not being collected by Microsoft Clarity due to your configured project settings @ https://www.clarity.ms/tag/q6913xit71:0
[  538271ms] [WARNING] Data from this session is not being collected by Microsoft Clarity due to your configured project settings @ https://www.clarity.ms/tag/q6913xit71:0
[  541222ms] [WARNING] Data from this session is not being collected by Microsoft Clarity due to your configured project settings @ https://www.clarity.ms/tag/q6913xit71:0
[  565659ms] [WARNING] Data from this session is not being collected by Microsoft Clarity due to your configured project settings @ https://www.clarity.ms/tag/q6913xit71:0
[  594391ms] [WARNING] Data from this session is not being collected by Microsoft Clarity due to your configured project settings @ https://www.clarity.ms/tag/q6913xit71:0
[  599293ms] [WARNING] Data from this session is not being collected by Microsoft Clarity due to your configured project settings @ https://www.clarity.ms/tag/q6913xit71:0
[  664997ms] [WARNING] Data from this session is not being collected by Microsoft Clarity due to your configured project settings @ https://www.clarity.ms/tag/q6913xit71:0
[  731404ms] [WARNING] Data from this session is not being collected by Microsoft Clarity due to your configured project settings @ https://www.clarity.ms/tag/q6913xit71:0
[  731982ms] [WARNING] Data from this session is not being collected by Microsoft Clarity due to your configured project settings @ https://www.clarity.ms/tag/q6913xit71:0
[  789733ms] [WARNING] Data from this session is not being collected by Microsoft Clarity due to your configured project settings @ https://www.clarity.ms/tag/q6913xit71:0
[  791904ms] [WARNING] Data from this session is not being collected by Microsoft Clarity due to your configured project settings @ https://www.clarity.ms/tag/q6913xit71:0
[  817233ms] [WARNING] Data from this session is not being collected by Microsoft Clarity due to your configured project settings @ https://www.clarity.ms/tag/q6913xit71:0
[  827033ms] [WARNING] Data from this session is not being collected by Microsoft Clarity due to your configured project settings @ https://www.clarity.ms/tag/q6913xit71:0
[  828265ms] [WARNING] Data from this session is not being collected by Microsoft Clarity due to your configured project settings @ https://www.clarity.ms/tag/q6913xit71:0
[  837703ms] [WARNING] Data from this session is not being collected by Microsoft Clarity due to your configured project settings @ https://www.clarity.ms/tag/q6913xit71:0
[  838903ms] [WARNING] Data from this session is not being collected by Microsoft Clarity due to your configured project settings @ https://www.clarity.ms/tag/q6913xit71:0
[  840534ms] [WARNING] Data from this session is not being collected by Microsoft Clarity due to your configured project settings @ https://www.clarity.ms/tag/q6913xit71:0
[  857103ms] [WARNING] Data from this session is not being collected by Microsoft Clarity due to your configured project settings @ https://www.clarity.ms/tag/q6913xit71:0
[  858222ms] [WARNING] Data from this session is not being collected by Microsoft Clarity due to your configured project settings @ https://www.clarity.ms/tag/q6913xit71:0
[  859173ms] [WARNING] Data from this session is not being collected by Microsoft Clarity due to your configured project settings @ https://www.clarity.ms/tag/q6913xit71:0
[  865254ms] [WARNING] Data from this session is not being collected by Microsoft Clarity due to your configured project settings @ https://www.clarity.ms/tag/q6913xit71:0
[  877643ms] [WARNING] Data from this session is not being collected by Microsoft Clarity due to your configured project settings @ https://www.clarity.ms/tag/q6913xit71:0
[  879444ms] [WARNING] Data from this session is not being collected by Microsoft Clarity due to your configured project settings @ https://www.clarity.ms/tag/q6913xit71:0
[  890643ms] [WARNING] Data from this session is not being collected by Microsoft Clarity due to your configured project settings @ https://www.clarity.ms/tag/q6913xit71:0
[  906101ms] [WARNING] Data from this session is not being collected by Microsoft Clarity due to your configured project settings @ https://www.clarity.ms/tag/q6913xit71:0
[  907953ms] [WARNING] Data from this session is not being collected by Microsoft Clarity due to your configured project settings @ https://www.clarity.ms/tag/q6913xit71:0
[  965534ms] [WARNING] Data from this session is not being collected by Microsoft Clarity due to your configured project settings @ https://www.clarity.ms/tag/q6913xit71:0
[  972446ms] [WARNING] Data from this session is not being collected by Microsoft Clarity due to your configured project settings @ https://www.clarity.ms/tag/q6913xit71:0
[  974204ms] [WARNING] Data from this session is not being collected by Microsoft Clarity due to your configured project settings @ https://www.clarity.ms/tag/q6913xit71:0
[  989364ms] [WARNING] Data from this session is not being collected by Microsoft Clarity due to your configured project settings @ https://www.clarity.ms/tag/q6913xit71:0
