[     810ms] [WARNING] Data from this session is not being collected by Microsoft Clarity due to your configured project settings @ https://www.clarity.ms/tag/q6913xit71:0
[   13178ms] [WARNING] Data from this session is not being collected by Microsoft Clarity due to your configured project settings @ https://www.clarity.ms/tag/q6913xit71:0
[   81031ms] [WARNING] Data from this session is not being collected by Microsoft Clarity due to your configured project settings @ https://www.clarity.ms/tag/q6913xit71:0
[   93230ms] [WARNING] Data from this session is not being collected by Microsoft Clarity due to your configured project settings @ https://www.clarity.ms/tag/lzzvsxasa3:0
[   93290ms] [WARNING] Data from this session is not being collected by Microsoft Clarity due to your configured project settings @ https://www.clarity.ms/tag/lzzvsxasa3?ref=gtm2:0
[   94089ms] [WARNING] Data from this session is not being collected by Microsoft Clarity due to your configured project settings @ https://www.clarity.ms/tag/q6913xit71:0
[  218808ms] [ERROR] Failed to load resource: the server responded with a status of 400 (Bad Request) @ https://www.clarity.ms/tag/q6913xit71:0
[  226130ms] [ERROR] Failed to load resource: the server responded with a status of 400 (Bad Request) @ https://www.clarity.ms/tag/q6913xit71:0
[  274964ms] ReferenceError: Hammer is not defined
    at HTMLDocument.<anonymous> (http://localhost:5501/assets/js/functions.js:79:10)
    at i (https://ajax.googleapis.com/ajax/libs/jquery/2.2.4/jquery.min.js:2:27151)
    at Object.fireWith [as resolveWith] (https://ajax.googleapis.com/ajax/libs/jquery/2.2.4/jquery.min.js:2:27914)
    at n.ready (https://ajax.googleapis.com/ajax/libs/jquery/2.2.4/jquery.min.js:2:29707)
    at HTMLDocument.J (https://ajax.googleapis.com/ajax/libs/jquery/2.2.4/jquery.min.js:2:29892)
[  275680ms] [WARNING] Data from this session is not being collected by Microsoft Clarity due to your configured project settings @ https://www.clarity.ms/tag/q6913xit71:0
[  277403ms] ReferenceError: Hammer is not defined
    at HTMLDocument.<anonymous> (http://localhost:5501/assets/js/functions.js:79:10)
    at i (https://ajax.googleapis.com/ajax/libs/jquery/2.2.4/jquery.min.js:2:27151)
    at Object.fireWith [as resolveWith] (https://ajax.googleapis.com/ajax/libs/jquery/2.2.4/jquery.min.js:2:27914)
    at n.ready (https://ajax.googleapis.com/ajax/libs/jquery/2.2.4/jquery.min.js:2:29707)
    at HTMLDocument.J (https://ajax.googleapis.com/ajax/libs/jquery/2.2.4/jquery.min.js:2:29892)
[  277639ms] [WARNING] Data from this session is not being collected by Microsoft Clarity due to your configured project settings @ https://www.clarity.ms/tag/q6913xit71:0
